<?xml version="1.0" encoding="UTF-8"?>
<coverage generated="1684358500">
  <project timestamp="1684358500">
    <file name="/app/src/VatNumberFormatValidationResult.php">
      <class name="rocketfellows\CountryVatNumberFormatValidator\VatNumberFormatValidationResult" namespace="global">
        <metrics complexity="6" methods="6" coveredmethods="6" conditionals="0" coveredconditionals="0" statements="8" coveredstatements="8" elements="14" coveredelements="14"/>
      </class>
      <line num="16" type="method" name="__construct" visibility="public" complexity="1" crap="1" count="27"/>
      <line num="21" type="stmt" count="27"/>
      <line num="22" type="stmt" count="27"/>
      <line num="23" type="stmt" count="27"/>
      <line num="26" type="method" name="createInvalidResult" visibility="public" complexity="1" crap="1" count="7"/>
      <line num="30" type="stmt" count="7"/>
      <line num="33" type="method" name="createValidResult" visibility="public" complexity="1" crap="1" count="9"/>
      <line num="37" type="stmt" count="9"/>
      <line num="40" type="method" name="isValid" visibility="public" complexity="1" crap="1" count="19"/>
      <line num="42" type="stmt" count="19"/>
      <line num="48" type="method" name="getPassedValidatorsClasses" visibility="public" complexity="1" crap="1" count="19"/>
      <line num="50" type="stmt" count="19"/>
      <line num="53" type="method" name="getSuccessfullyValidatorClass" visibility="public" complexity="1" crap="1" count="15"/>
      <line num="55" type="stmt" count="15"/>
      <metrics loc="58" ncloc="50" classes="1" methods="6" coveredmethods="6" conditionals="0" coveredconditionals="0" statements="8" coveredstatements="8" elements="14" coveredelements="14"/>
    </file>
    <file name="/app/src/VatNumberFormatValidatorService.php">
      <class name="rocketfellows\CountryVatNumberFormatValidator\VatNumberFormatValidatorService" namespace="global">
        <metrics complexity="11" methods="5" coveredmethods="5" conditionals="0" coveredconditionals="0" statements="37" coveredstatements="37" elements="42" coveredelements="42"/>
      </class>
      <line num="23" type="method" name="__construct" visibility="public" complexity="1" crap="1" count="12"/>
      <line num="27" type="stmt" count="12"/>
      <line num="28" type="stmt" count="12"/>
      <line num="38" type="method" name="validateCountryVatNumber" visibility="public" complexity="3" crap="3" count="12"/>
      <line num="40" type="stmt" count="12"/>
      <line num="42" type="stmt" count="9"/>
      <line num="43" type="stmt" count="9"/>
      <line num="44" type="stmt" count="9"/>
      <line num="46" type="stmt" count="9"/>
      <line num="47" type="stmt" count="7"/>
      <line num="50" type="stmt" count="5"/>
      <line num="53" type="stmt" count="3"/>
      <line num="60" type="method" name="getCountryByCode" visibility="private" complexity="3" crap="3" count="12"/>
      <line num="63" type="stmt" count="12"/>
      <line num="64" type="stmt" count="2"/>
      <line num="65" type="stmt" count="1"/>
      <line num="66" type="stmt" count="1"/>
      <line num="67" type="stmt" count="1"/>
      <line num="68" type="stmt" count="1"/>
      <line num="69" type="stmt" count="1"/>
      <line num="70" type="stmt" count="1"/>
      <line num="71" type="stmt" count="1"/>
      <line num="72" type="stmt" count="1"/>
      <line num="73" type="stmt" count="1"/>
      <line num="74" type="stmt" count="1"/>
      <line num="75" type="stmt" count="1"/>
      <line num="76" type="stmt" count="1"/>
      <line num="77" type="stmt" count="1"/>
      <line num="84" type="method" name="getCountryVatNumberFormatValidators" visibility="private" complexity="2" crap="2" count="10"/>
      <line num="86" type="stmt" count="10"/>
      <line num="88" type="stmt" count="10"/>
      <line num="89" type="stmt" count="1"/>
      <line num="92" type="stmt" count="9"/>
      <line num="98" type="method" name="isValidVatNumber" visibility="private" complexity="2" crap="2" count="9"/>
      <line num="101" type="stmt" count="9"/>
      <line num="102" type="stmt" count="1"/>
      <line num="103" type="stmt" count="1"/>
      <line num="104" type="stmt" count="1"/>
      <line num="105" type="stmt" count="1"/>
      <line num="106" type="stmt" count="1"/>
      <line num="107" type="stmt" count="1"/>
      <line num="108" type="stmt" count="1"/>
      <metrics loc="112" ncloc="95" classes="1" methods="5" coveredmethods="5" conditionals="0" coveredconditionals="0" statements="37" coveredstatements="37" elements="42" coveredelements="42"/>
    </file>
    <file name="/app/src/exceptions/CountryCodeEmptyException.php">
      <class name="rocketfellows\CountryVatNumberFormatValidator\exceptions\CountryCodeEmptyException" namespace="global">
        <metrics complexity="0" methods="0" coveredmethods="0" conditionals="0" coveredconditionals="0" statements="0" coveredstatements="0" elements="0" coveredelements="0"/>
      </class>
      <metrics loc="8" ncloc="8" classes="0" methods="0" coveredmethods="0" conditionals="0" coveredconditionals="0" statements="0" coveredstatements="0" elements="0" coveredelements="0"/>
    </file>
    <file name="/app/src/exceptions/CountryValidatorsNotFoundException.php">
      <class name="rocketfellows\CountryVatNumberFormatValidator\exceptions\CountryValidatorsNotFoundException" namespace="global">
        <metrics complexity="0" methods="0" coveredmethods="0" conditionals="0" coveredconditionals="0" statements="0" coveredstatements="0" elements="0" coveredelements="0"/>
      </class>
      <metrics loc="8" ncloc="8" classes="0" methods="0" coveredmethods="0" conditionals="0" coveredconditionals="0" statements="0" coveredstatements="0" elements="0" coveredelements="0"/>
    </file>
    <file name="/app/src/exceptions/InputCountryCodeException.php">
      <class name="rocketfellows\CountryVatNumberFormatValidator\exceptions\InputCountryCodeException" namespace="global">
        <metrics complexity="2" methods="2" coveredmethods="2" conditionals="0" coveredconditionals="0" statements="3" coveredstatements="3" elements="5" coveredelements="5"/>
      </class>
      <line num="11" type="method" name="__construct" visibility="public" complexity="1" crap="1" count="27"/>
      <line num="17" type="stmt" count="27"/>
      <line num="19" type="stmt" count="27"/>
      <line num="22" type="method" name="getInputCountryCode" visibility="public" complexity="1" crap="1" count="24"/>
      <line num="24" type="stmt" count="24"/>
      <metrics loc="27" ncloc="27" classes="1" methods="2" coveredmethods="2" conditionals="0" coveredconditionals="0" statements="3" coveredstatements="3" elements="5" coveredelements="5"/>
    </file>
    <file name="/app/src/exceptions/InputVatNumberValidatingException.php">
      <class name="rocketfellows\CountryVatNumberFormatValidator\exceptions\InputVatNumberValidatingException" namespace="global">
        <metrics complexity="2" methods="2" coveredmethods="2" conditionals="0" coveredconditionals="0" statements="3" coveredstatements="3" elements="5" coveredelements="5"/>
      </class>
      <line num="11" type="method" name="__construct" visibility="public" complexity="1" crap="1" count="9"/>
      <line num="17" type="stmt" count="9"/>
      <line num="19" type="stmt" count="9"/>
      <line num="22" type="method" name="getInputValidatingVatNumber" visibility="public" complexity="1" crap="1" count="8"/>
      <line num="24" type="stmt" count="8"/>
      <metrics loc="27" ncloc="27" classes="1" methods="2" coveredmethods="2" conditionals="0" coveredconditionals="0" statements="3" coveredstatements="3" elements="5" coveredelements="5"/>
    </file>
    <file name="/app/src/exceptions/UnknownInputCountryCodeException.php">
      <class name="rocketfellows\CountryVatNumberFormatValidator\exceptions\UnknownInputCountryCodeException" namespace="global">
        <metrics complexity="0" methods="0" coveredmethods="0" conditionals="0" coveredconditionals="0" statements="0" coveredstatements="0" elements="0" coveredelements="0"/>
      </class>
      <metrics loc="8" ncloc="8" classes="0" methods="0" coveredmethods="0" conditionals="0" coveredconditionals="0" statements="0" coveredstatements="0" elements="0" coveredelements="0"/>
    </file>
    <file name="/app/src/exceptions/VatNumberFormatValidatorServiceException.php">
      <class name="rocketfellows\CountryVatNumberFormatValidator\exceptions\VatNumberFormatValidatorServiceException" namespace="global">
        <metrics complexity="0" methods="0" coveredmethods="0" conditionals="0" coveredconditionals="0" statements="0" coveredstatements="0" elements="0" coveredelements="0"/>
      </class>
      <metrics loc="10" ncloc="10" classes="0" methods="0" coveredmethods="0" conditionals="0" coveredconditionals="0" statements="0" coveredstatements="0" elements="0" coveredelements="0"/>
    </file>
    <file name="/app/src/exceptions/VatNumberValidatingException.php">
      <class name="rocketfellows\CountryVatNumberFormatValidator\exceptions\VatNumberValidatingException" namespace="global">
        <metrics complexity="0" methods="0" coveredmethods="0" conditionals="0" coveredconditionals="0" statements="0" coveredstatements="0" elements="0" coveredelements="0"/>
      </class>
      <metrics loc="8" ncloc="8" classes="0" methods="0" coveredmethods="0" conditionals="0" coveredconditionals="0" statements="0" coveredstatements="0" elements="0" coveredelements="0"/>
    </file>
    <metrics files="9" loc="266" ncloc="241" classes="4" methods="15" coveredmethods="15" conditionals="0" coveredconditionals="0" statements="51" coveredstatements="51" elements="66" coveredelements="66"/>
  </project>
</coverage>
