<?xml version="1.0" encoding="UTF-8"?>
<coverage generated="1684076982">
  <project timestamp="1684076982">
    <file name="/app/src/VatNumberFormatValidationResult.php">
      <class name="rocketfellows\CountryVatNumberFormatValidator\VatNumberFormatValidationResult" namespace="global">
        <metrics complexity="4" methods="4" coveredmethods="4" conditionals="0" coveredconditionals="0" statements="6" coveredstatements="6" elements="10" coveredelements="10"/>
      </class>
      <line num="16" type="method" name="__construct" visibility="public" complexity="1" crap="1" count="11"/>
      <line num="21" type="stmt" count="11"/>
      <line num="22" type="stmt" count="11"/>
      <line num="23" type="stmt" count="11"/>
      <line num="26" type="method" name="isValid" visibility="public" complexity="1" crap="1" count="11"/>
      <line num="28" type="stmt" count="11"/>
      <line num="34" type="method" name="getPassedValidatorsClasses" visibility="public" complexity="1" crap="1" count="11"/>
      <line num="36" type="stmt" count="11"/>
      <line num="39" type="method" name="getSuccessfullyValidatorClass" visibility="public" complexity="1" crap="1" count="7"/>
      <line num="41" type="stmt" count="7"/>
      <metrics loc="44" ncloc="36" classes="1" methods="4" coveredmethods="4" conditionals="0" coveredconditionals="0" statements="6" coveredstatements="6" elements="10" coveredelements="10"/>
    </file>
    <file name="/app/src/exceptions/InputCountryCodeException.php">
      <class name="rocketfellows\CountryVatNumberFormatValidator\exceptions\InputCountryCodeException" namespace="global">
        <metrics complexity="2" methods="2" coveredmethods="2" conditionals="0" coveredconditionals="0" statements="3" coveredstatements="3" elements="5" coveredelements="5"/>
      </class>
      <line num="11" type="method" name="__construct" visibility="public" complexity="1" crap="1" count="8"/>
      <line num="17" type="stmt" count="8"/>
      <line num="19" type="stmt" count="8"/>
      <line num="22" type="method" name="getInputCountryCode" visibility="public" complexity="1" crap="1" count="8"/>
      <line num="24" type="stmt" count="8"/>
      <metrics loc="27" ncloc="27" classes="1" methods="2" coveredmethods="2" conditionals="0" coveredconditionals="0" statements="3" coveredstatements="3" elements="5" coveredelements="5"/>
    </file>
    <file name="/app/src/exceptions/UnknownCountryCodeException.php">
      <class name="rocketfellows\CountryVatNumberFormatValidator\exceptions\UnknownCountryCodeException" namespace="global">
        <metrics complexity="0" methods="0" coveredmethods="0" conditionals="0" coveredconditionals="0" statements="0" coveredstatements="0" elements="0" coveredelements="0"/>
      </class>
      <metrics loc="8" ncloc="8" classes="0" methods="0" coveredmethods="0" conditionals="0" coveredconditionals="0" statements="0" coveredstatements="0" elements="0" coveredelements="0"/>
    </file>
    <file name="/app/src/exceptions/VatNumberFormatValidatorServiceException.php">
      <class name="rocketfellows\CountryVatNumberFormatValidator\exceptions\VatNumberFormatValidatorServiceException" namespace="global">
        <metrics complexity="0" methods="0" coveredmethods="0" conditionals="0" coveredconditionals="0" statements="0" coveredstatements="0" elements="0" coveredelements="0"/>
      </class>
      <metrics loc="10" ncloc="10" classes="0" methods="0" coveredmethods="0" conditionals="0" coveredconditionals="0" statements="0" coveredstatements="0" elements="0" coveredelements="0"/>
    </file>
    <metrics files="4" loc="89" ncloc="81" classes="2" methods="6" coveredmethods="6" conditionals="0" coveredconditionals="0" statements="9" coveredstatements="9" elements="15" coveredelements="15"/>
  </project>
</coverage>
